#
# A fatal error has been detected by the Java Runtime Environment:
#
#  EXCEPTION_ACCESS_VIOLATION (0xc0000005) at pc=0x00007ffdc0c99d93, pid=11108, tid=21088
#
# JRE version: Java(TM) SE Runtime Environment (15.0.2+7) (build 15.0.2+7-27)
# Java VM: Java HotSpot(TM) 64-Bit Server VM (15.0.2+7-27, mixed mode, sharing, tiered, compressed oops, g1 gc, windows-amd64)
# Problematic frame:
# V  [jvm.dll+0x279d93]
#
# No core dump will be written. Minidumps are not enabled by default on client versions of Windows
#
# If you would like to submit a bug report, please visit:
#   https://bugreport.java.com/bugreport/crash.jsp
#

---------------  S U M M A R Y ------------

Command Line: -javaagent:C:\Program Files\JetBrains\IntelliJ IDEA Community Edition 2020.3.2\lib\idea_rt.jar=58042:C:\Program Files\JetBrains\IntelliJ IDEA Community Edition 2020.3.2\bin -Dfile.encoding=UTF-8 com.company.validation.Solution

Host: AMD Ryzen 7 1700 Eight-Core Processor          , 16 cores, 31G,  Windows 10 , 64 bit Build 19041 (10.0.19041.789)
Time: Wed Feb 10 16:47:19 2021 Eastern Standard Time elapsed time: 0.042658 seconds (0d 0h 0m 0s)

---------------  T H R E A D  ---------------

Current thread (0x000001d9768b1f20):  JavaThread "C2 CompilerThread0" daemon [_thread_in_native, id=21088, stack(0x0000002453d00000,0x0000002453e00000)]


Current CompileTask:
C2:     42   15       4       java.lang.StringLatin1::hashCode (42 bytes)

Stack: [0x0000002453d00000,0x0000002453e00000],  sp=0x0000002453dfa690,  free space=1001k
Native frames: (J=compiled Java code, j=interpreted, Vv=VM code, C=native code)
V  [jvm.dll+0x279d93]
V  [jvm.dll+0x27a054]
V  [jvm.dll+0x540794]
V  [jvm.dll+0x1f3124]
V  [jvm.dll+0x1ecaf1]
V  [jvm.dll+0x1e9867]
V  [jvm.dll+0x178567]
V  [jvm.dll+0x1f9225]
V  [jvm.dll+0x1f72cc]
V  [jvm.dll+0x74495d]
V  [jvm.dll+0x73d75a]
V  [jvm.dll+0x629c56]
C  [ucrtbase.dll+0x21bb2]
C  [KERNEL32.DLL+0x17034]
C  [ntdll.dll+0x4d241]


siginfo: EXCEPTION_ACCESS_VIOLATION (0xc0000005), reading address 0xffffffffffffffff


Register to memory mapping:

RIP=0x00007ffdc0c99d93 jvm.dll
RAX=0x00007ffdc126c801 jvm.dll
RBX=0x000001d9771caee0 points into unknown readable memory: 0xffffffff00000001 | 01 00 00 00 ff ff ff ff
RCX=0x000001d9771e8f68 points into unknown readable memory: 0x00007ffdc126c830 | 30 c8 26 c1 fd 7f 00 00
RDX=0x0000000000000002 is an unknown value
RSP=0x0000002453dfa690 is pointing into the stack for thread: 0x000001d9768b1f20
RBP=0x0000002453dfa700 is pointing into the stack for thread: 0x000001d9768b1f20
RSI=0x0 is NULL
RDI=0x000001d9771e8f68 points into unknown readable memory: 0x00007ffdc126c830 | 30 c8 26 c1 fd 7f 00 00
R8 =0x000000000000009a is an unknown value
R9 =0x000001d97721a2f0 points into unknown readable memory: 0x0000000000000000 | 00 00 00 00 00 00 00 00
R10=0x0000000000000022 is an unknown value
R11=0x000001d9771caee0 points into unknown readable memory: 0xffffffff00000001 | 01 00 00 00 ff ff ff ff
R12=0x0000002453dfa770 is pointing into the stack for thread: 0x000001d9768b1f20
R13=0x000001d9771e8f68 points into unknown readable memory: 0x00007ffdc126c830 | 30 c8 26 c1 fd 7f 00 00
R14=0x0000000000000008 is an unknown value
R15=0x0000002453dface0 is pointing into the stack for thread: 0x000001d9768b1f20


Registers:
RAX=0x00007ffdc126c801, RBX=0x000001d9771caee0, RCX=0x000001d9771e8f68, RDX=0x0000000000000002
RSP=0x0000002453dfa690, RBP=0x0000002453dfa700, RSI=0x0000000000000000, RDI=0x000001d9771e8f68
R8 =0x000000000000009a, R9 =0x000001d97721a2f0, R10=0x0000000000000022, R11=0x000001d9771caee0
R12=0x0000002453dfa770, R13=0x000001d9771e8f68, R14=0x0000000000000008, R15=0x0000002453dface0
RIP=0x00007ffdc0c99d93, EFLAGS=0x0000000000010246

Top of Stack: (sp=0x0000002453dfa690)
0x0000002453dfa690:   0000002453dface0 000001d9771caee0
0x0000002453dfa6a0:   0000000000000000 0000000000000000
0x0000002453dfa6b0:   000001d97721a578 0000002200000003
0x0000002453dfa6c0:   0000000000000000 000001d900000008
0x0000002453dfa6d0:   000001d9771cb6e0 00007ffdc0f6033c
0x0000002453dfa6e0:   000001d9768a87f0 0000000000000000
0x0000002453dfa6f0:   000001d9771aaf10 0000002453dface0
0x0000002453dfa700:   000001d9771caee0 0000000000000040
0x0000002453dfa710:   000001d97721a2f0 00007ffdc0c9a054
0x0000002453dfa720:   000001d97721a2f0 000001d9768b0cb0
0x0000002453dfa730:   0000002453dface0 000001d9771caee0
0x0000002453dfa740:   000001d9771caee0 000001d9768a87f0
0x0000002453dfa750:   000001d9771aaf10 0000000000010388
0x0000002453dfa760:   000001d9771ac6e0 000001d9771b2ef8
0x0000002453dfa770:   0000002400000002 000001d9771cb6d0
0x0000002453dfa780:   0000000000000002 000001d9768a87f0 

Instructions: (pc=0x00007ffdc0c99d93)
0x00007ffdc0c99c93:   d0 eb 06 48 8b 5d d0 33 f6 8d 41 01 89 45 b8 48
0x00007ffdc0c99ca3:   63 c1 48 89 3c c3 8b 45 b8 85 c0 0f 84 1f 02 00
0x00007ffdc0c99cb3:   00 4c 8b 4d 20 4c 89 6c 24 58 4c 89 7c 24 50 4d
0x00007ffdc0c99cc3:   8d 79 58 4c 89 7d b0 66 0f 1f 44 00 00 ff c8 89
0x00007ffdc0c99cd3:   45 b8 48 63 c8 48 8b 45 d0 4c 8b 2c c8 41 8b 7d
0x00007ffdc0c99ce3:   28 8b df c1 eb 05 41 3b 1c 24 72 0e 8b d3 49 8b
0x00007ffdc0c99cf3:   cc e8 27 0f 4f 00 4c 8b 4d 20 49 8b 44 24 08 83
0x00007ffdc0c99d03:   e7 1f 48 8d 14 98 40 0f b6 cf 41 b8 01 00 00 00
0x00007ffdc0c99d13:   41 d3 e0 8b 0a 8b c1 41 0b c0 89 02 41 85 c8 0f
0x00007ffdc0c99d23:   85 91 01 00 00 48 8b 5d 38 49 8d 57 f8 4c 89 2a
0x00007ffdc0c99d33:   41 8b 45 28 8b 0c 83 48 8d 04 89 48 c1 e0 04 49
0x00007ffdc0c99d43:   03 c1 49 89 47 08 41 8b 45 28 44 89 34 83 45 89
0x00007ffdc0c99d53:   37 49 89 57 10 49 89 77 18 4d 89 4f 20 41 c7 47
0x00007ffdc0c99d63:   04 01 00 00 00 49 89 77 30 41 8b 75 20 85 f6 0f
0x00007ffdc0c99d73:   8e 36 01 00 00 4c 8b 7d 30 0f 1f 40 00 49 8b 45
0x00007ffdc0c99d83:   10 ff ce 48 8b 3c f0 48 8b cf 48 8b 07 ff 50 10
0x00007ffdc0c99d93:   84 c0 0f 84 03 01 00 00 8b 4f 28 41 3b 4f 28 0f
0x00007ffdc0c99da3:   83 f6 00 00 00 49 8b 47 30 44 8b c1 48 83 3c c8
0x00007ffdc0c99db3:   00 0f 84 e4 00 00 00 8b c1 c1 e8 05 41 3b 04 24
0x00007ffdc0c99dc3:   73 18 83 e1 1f 8b d1 8b c8 49 8b 44 24 08 8b 0c
0x00007ffdc0c99dd3:   88 0f a3 d1 0f 82 c1 00 00 00 46 89 34 83 8b 55
0x00007ffdc0c99de3:   b8 3b 55 bc 0f 85 9c 00 00 00 83 c2 01 74 07 8d
0x00007ffdc0c99df3:   42 ff 85 c2 74 18 0f bd c2 ba 1f 00 00 00 b9 20
0x00007ffdc0c99e03:   00 00 00 2b d0 2a ca ba 01 00 00 00 d3 e2 89 55
0x00007ffdc0c99e13:   bc 48 8d 4d b8 ba 08 00 00 00 e8 1e 9f 09 00 8b
0x00007ffdc0c99e23:   55 b8 33 c9 48 8b d8 85 d2 7e 1e 45 33 c9 48 8b
0x00007ffdc0c99e33:   55 d0 4d 8d 49 08 ff c1 4e 8b 44 0a f8 4e 89 44
0x00007ffdc0c99e43:   08 f8 8b 55 b8 3b ca 7c e5 3b 4d bc 7d 13 48 63
0x00007ffdc0c99e53:   c1 33 d2 ff c1 48 89 14 c3 3b 4d bc 7c f0 8b 55
0x00007ffdc0c99e63:   b8 48 83 7d c0 01 75 18 48 8b 45 d0 48 85 c0 74
0x00007ffdc0c99e73:   0f 48 8b d0 48 8d 4d b8 e8 f0 14 fa ff 8b 55 b8
0x00007ffdc0c99e83:   48 89 5d d0 eb 04 48 8b 5d d0 8d 42 01 89 45 b8 


Stack slot to memory mapping:
stack at sp + 0 slots: 0x0000002453dface0 is pointing into the stack for thread: 0x000001d9768b1f20
stack at sp + 1 slots: 0x000001d9771caee0 points into unknown readable memory: 0xffffffff00000001 | 01 00 00 00 ff ff ff ff
stack at sp + 2 slots: 0x0 is NULL
stack at sp + 3 slots: 0x0 is NULL
stack at sp + 4 slots: 0x000001d97721a578 points into unknown readable memory: 0x0000000100000008 | 08 00 00 00 01 00 00 00
stack at sp + 5 slots: 0x0000002200000003 is an unknown value
stack at sp + 6 slots: 0x0 is NULL
stack at sp + 7 slots: 0x000001d900000008 is an unknown value


---------------  P R O C E S S  ---------------

Threads class SMR info:
_java_thread_list=0x000001d9772e13d0, length=14, elements={
0x000001d946ea5060, 0x000001d97688e900, 0x000001d97688f4d0, 0x000001d9768acc00,
0x000001d9768af5d0, 0x000001d9768b0080, 0x000001d9768b1f20, 0x000001d9768b7ed0,
0x000001d9768c9080, 0x000001d9772b72a0, 0x000001d9772c74a0, 0x000001d9772c7dc0,
0x000001d9772d9e80, 0x000001d977305e00
}

Java Threads: ( => current thread )
  0x000001d946ea5060 JavaThread "main" [_thread_in_Java, id=23376, stack(0x0000002453100000,0x0000002453200000)]
  0x000001d97688e900 JavaThread "Reference Handler" daemon [_thread_blocked, id=7648, stack(0x0000002453800000,0x0000002453900000)]
  0x000001d97688f4d0 JavaThread "Finalizer" daemon [_thread_blocked, id=8136, stack(0x0000002453900000,0x0000002453a00000)]
  0x000001d9768acc00 JavaThread "Signal Dispatcher" daemon [_thread_blocked, id=25068, stack(0x0000002453a00000,0x0000002453b00000)]
  0x000001d9768af5d0 JavaThread "Attach Listener" daemon [_thread_blocked, id=11276, stack(0x0000002453b00000,0x0000002453c00000)]
  0x000001d9768b0080 JavaThread "Service Thread" daemon [_thread_blocked, id=16364, stack(0x0000002453c00000,0x0000002453d00000)]
=>0x000001d9768b1f20 JavaThread "C2 CompilerThread0" daemon [_thread_in_native, id=21088, stack(0x0000002453d00000,0x0000002453e00000)]
  0x000001d9768b7ed0 JavaThread "C1 CompilerThread0" daemon [_thread_blocked, id=17584, stack(0x0000002453e00000,0x0000002453f00000)]
  0x000001d9768c9080 JavaThread "Sweeper thread" daemon [_thread_blocked, id=24076, stack(0x0000002453f00000,0x0000002454000000)]
  0x000001d9772b72a0 JavaThread "Common-Cleaner" daemon [_thread_blocked, id=25552, stack(0x0000002454000000,0x0000002454100000)]
  0x000001d9772c74a0 JavaThread "C1 CompilerThread1" daemon [_thread_blocked, id=2204, stack(0x0000002454100000,0x0000002454200000)]
  0x000001d9772c7dc0 JavaThread "C1 CompilerThread2" daemon [_thread_blocked, id=20400, stack(0x0000002454200000,0x0000002454300000)]
  0x000001d9772d9e80 JavaThread "C2 CompilerThread1" daemon [_thread_blocked, id=13028, stack(0x0000002454300000,0x0000002454400000)]
  0x000001d977305e00 JavaThread "C2 CompilerThread2" daemon [_thread_blocked, id=23196, stack(0x0000002454400000,0x0000002454500000)]

Other Threads:
  0x000001d976888050 VMThread "VM Thread" [stack: 0x0000002453700000,0x0000002453800000] [id=14768]
  0x000001d946f1cac0 GCTaskThread "GC Thread#0" [stack: 0x0000002453200000,0x0000002453300000] [id=17796]
  0x000001d946f2dc60 ConcurrentGCThread "G1 Main Marker" [stack: 0x0000002453300000,0x0000002453400000] [id=25236]
  0x000001d946f2eff0 ConcurrentGCThread "G1 Conc#0" [stack: 0x0000002453400000,0x0000002453500000] [id=9224]
  0x000001d946f7e820 ConcurrentGCThread "G1 Refine#0" [stack: 0x0000002453500000,0x0000002453600000] [id=25116]
  0x000001d9767804b0 ConcurrentGCThread "G1 Young RemSet Sampling" [stack: 0x0000002453600000,0x0000002453700000] [id=7640]

Threads with active compile tasks:
C2 CompilerThread0       85   15       4       java.lang.StringLatin1::hashCode (42 bytes)

VM state: not at safepoint (normal execution)

VM Mutex/Monitor currently owned by a thread: None

Heap address: 0x0000000601000000, size: 8176 MB, Compressed Oops mode: Zero based, Oop shift amount: 3
CDS archive(s) mapped at: [0x0000000800000000-0x0000000800b50000-0x0000000800b50000), size 11862016, SharedBaseAddress: 0x0000000800000000, ArchiveRelocationMode: 0.
Compressed class space mapped at: 0x0000000800b50000-0x0000000840b50000, size: 1073741824
Narrow klass base: 0x0000000800000000, Narrow klass shift: 3, Narrow klass range: 0x100000000

GC Precious Log:
 CPUs: 16 total, 16 available
 Memory: 32702M
 Large Page Support: Disabled
 NUMA Support: Disabled
 Compressed Oops: Enabled (Zero based)
 Heap Region Size: 4M
 Heap Min Capacity: 8M
 Heap Initial Capacity: 512M
 Heap Max Capacity: 8176M
 Pre-touch: Disabled
 Parallel Workers: 13
 Concurrent Workers: 3
 Concurrent Refinement Workers: 13
 Periodic GC: Disabled

Heap:
 garbage-first heap   total 524288K, used 0K [0x0000000601000000, 0x0000000800000000)
  region size 4096K, 1 young (4096K), 0 survivors (0K)
 Metaspace       used 426K, capacity 4483K, committed 4864K, reserved 1056768K
  class space    used 34K, capacity 385K, committed 512K, reserved 1048576K

Heap Regions: E=young(eden), S=young(survivor), O=old, HS=humongous(starts), HC=humongous(continues), CS=collection set, F=free, OA=open archive, CA=closed archive, TAMS=top-at-mark-start (previous, next)
|   0|0x0000000601000000, 0x0000000601000000, 0x0000000601400000|  0%| F|  |TAMS 0x0000000601000000, 0x0000000601000000| Untracked 
|   1|0x0000000601400000, 0x0000000601400000, 0x0000000601800000|  0%| F|  |TAMS 0x0000000601400000, 0x0000000601400000| Untracked 
|   2|0x0000000601800000, 0x0000000601800000, 0x0000000601c00000|  0%| F|  |TAMS 0x0000000601800000, 0x0000000601800000| Untracked 
|   3|0x0000000601c00000, 0x0000000601c00000, 0x0000000602000000|  0%| F|  |TAMS 0x0000000601c00000, 0x0000000601c00000| Untracked 
|   4|0x0000000602000000, 0x0000000602000000, 0x0000000602400000|  0%| F|  |TAMS 0x0000000602000000, 0x0000000602000000| Untracked 
|   5|0x0000000602400000, 0x0000000602400000, 0x0000000602800000|  0%| F|  |TAMS 0x0000000602400000, 0x0000000602400000| Untracked 
|   6|0x0000000602800000, 0x0000000602800000, 0x0000000602c00000|  0%| F|  |TAMS 0x0000000602800000, 0x0000000602800000| Untracked 
|   7|0x0000000602c00000, 0x0000000602c00000, 0x0000000603000000|  0%| F|  |TAMS 0x0000000602c00000, 0x0000000602c00000| Untracked 
|   8|0x0000000603000000, 0x0000000603000000, 0x0000000603400000|  0%| F|  |TAMS 0x0000000603000000, 0x0000000603000000| Untracked 
|   9|0x0000000603400000, 0x0000000603400000, 0x0000000603800000|  0%| F|  |TAMS 0x0000000603400000, 0x0000000603400000| Untracked 
|  10|0x0000000603800000, 0x0000000603800000, 0x0000000603c00000|  0%| F|  |TAMS 0x0000000603800000, 0x0000000603800000| Untracked 
|  11|0x0000000603c00000, 0x0000000603c00000, 0x0000000604000000|  0%| F|  |TAMS 0x0000000603c00000, 0x0000000603c00000| Untracked 
|  12|0x0000000604000000, 0x0000000604000000, 0x0000000604400000|  0%| F|  |TAMS 0x0000000604000000, 0x0000000604000000| Untracked 
|  13|0x0000000604400000, 0x0000000604400000, 0x0000000604800000|  0%| F|  |TAMS 0x0000000604400000, 0x0000000604400000| Untracked 
|  14|0x0000000604800000, 0x0000000604800000, 0x0000000604c00000|  0%| F|  |TAMS 0x0000000604800000, 0x0000000604800000| Untracked 
|  15|0x0000000604c00000, 0x0000000604c00000, 0x0000000605000000|  0%| F|  |TAMS 0x0000000604c00000, 0x0000000604c00000| Untracked 
|  16|0x0000000605000000, 0x0000000605000000, 0x0000000605400000|  0%| F|  |TAMS 0x0000000605000000, 0x0000000605000000| Untracked 
|  17|0x0000000605400000, 0x0000000605400000, 0x0000000605800000|  0%| F|  |TAMS 0x0000000605400000, 0x0000000605400000| Untracked 
|  18|0x0000000605800000, 0x0000000605800000, 0x0000000605c00000|  0%| F|  |TAMS 0x0000000605800000, 0x0000000605800000| Untracked 
|  19|0x0000000605c00000, 0x0000000605c00000, 0x0000000606000000|  0%| F|  |TAMS 0x0000000605c00000, 0x0000000605c00000| Untracked 
|  20|0x0000000606000000, 0x0000000606000000, 0x0000000606400000|  0%| F|  |TAMS 0x0000000606000000, 0x0000000606000000| Untracked 
|  21|0x0000000606400000, 0x0000000606400000, 0x0000000606800000|  0%| F|  |TAMS 0x0000000606400000, 0x0000000606400000| Untracked 
|  22|0x0000000606800000, 0x0000000606800000, 0x0000000606c00000|  0%| F|  |TAMS 0x0000000606800000, 0x0000000606800000| Untracked 
|  23|0x0000000606c00000, 0x0000000606c00000, 0x0000000607000000|  0%| F|  |TAMS 0x0000000606c00000, 0x0000000606c00000| Untracked 
|  24|0x0000000607000000, 0x0000000607000000, 0x0000000607400000|  0%| F|  |TAMS 0x0000000607000000, 0x0000000607000000| Untracked 
|  25|0x0000000607400000, 0x0000000607400000, 0x0000000607800000|  0%| F|  |TAMS 0x0000000607400000, 0x0000000607400000| Untracked 
|  26|0x0000000607800000, 0x0000000607800000, 0x0000000607c00000|  0%| F|  |TAMS 0x0000000607800000, 0x0000000607800000| Untracked 
|  27|0x0000000607c00000, 0x0000000607c00000, 0x0000000608000000|  0%| F|  |TAMS 0x0000000607c00000, 0x0000000607c00000| Untracked 
|  28|0x0000000608000000, 0x0000000608000000, 0x0000000608400000|  0%| F|  |TAMS 0x0000000608000000, 0x0000000608000000| Untracked 
|  29|0x0000000608400000, 0x0000000608400000, 0x0000000608800000|  0%| F|  |TAMS 0x0000000608400000, 0x0000000608400000| Untracked 
|  30|0x0000000608800000, 0x0000000608800000, 0x0000000608c00000|  0%| F|  |TAMS 0x0000000608800000, 0x0000000608800000| Untracked 
|  31|0x0000000608c00000, 0x0000000608c00000, 0x0000000609000000|  0%| F|  |TAMS 0x0000000608c00000, 0x0000000608c00000| Untracked 
|  32|0x0000000609000000, 0x0000000609000000, 0x0000000609400000|  0%| F|  |TAMS 0x0000000609000000, 0x0000000609000000| Untracked 
|  33|0x0000000609400000, 0x0000000609400000, 0x0000000609800000|  0%| F|  |TAMS 0x0000000609400000, 0x0000000609400000| Untracked 
|  34|0x0000000609800000, 0x0000000609800000, 0x0000000609c00000|  0%| F|  |TAMS 0x0000000609800000, 0x0000000609800000| Untracked 
|  35|0x0000000609c00000, 0x0000000609c00000, 0x000000060a000000|  0%| F|  |TAMS 0x0000000609c00000, 0x0000000609c00000| Untracked 
|  36|0x000000060a000000, 0x000000060a000000, 0x000000060a400000|  0%| F|  |TAMS 0x000000060a000000, 0x000000060a000000| Untracked 
|  37|0x000000060a400000, 0x000000060a400000, 0x000000060a800000|  0%| F|  |TAMS 0x000000060a400000, 0x000000060a400000| Untracked 
|  38|0x000000060a800000, 0x000000060a800000, 0x000000060ac00000|  0%| F|  |TAMS 0x000000060a800000, 0x000000060a800000| Untracked 
|  39|0x000000060ac00000, 0x000000060ac00000, 0x000000060b000000|  0%| F|  |TAMS 0x000000060ac00000, 0x000000060ac00000| Untracked 
|  40|0x000000060b000000, 0x000000060b000000, 0x000000060b400000|  0%| F|  |TAMS 0x000000060b000000, 0x000000060b000000| Untracked 
|  41|0x000000060b400000, 0x000000060b400000, 0x000000060b800000|  0%| F|  |TAMS 0x000000060b400000, 0x000000060b400000| Untracked 
|  42|0x000000060b800000, 0x000000060b800000, 0x000000060bc00000|  0%| F|  |TAMS 0x000000060b800000, 0x000000060b800000| Untracked 
|  43|0x000000060bc00000, 0x000000060bc00000, 0x000000060c000000|  0%| F|  |TAMS 0x000000060bc00000, 0x000000060bc00000| Untracked 
|  44|0x000000060c000000, 0x000000060c000000, 0x000000060c400000|  0%| F|  |TAMS 0x000000060c000000, 0x000000060c000000| Untracked 
|  45|0x000000060c400000, 0x000000060c400000, 0x000000060c800000|  0%| F|  |TAMS 0x000000060c400000, 0x000000060c400000| Untracked 
|  46|0x000000060c800000, 0x000000060c800000, 0x000000060cc00000|  0%| F|  |TAMS 0x000000060c800000, 0x000000060c800000| Untracked 
|  47|0x000000060cc00000, 0x000000060cc00000, 0x000000060d000000|  0%| F|  |TAMS 0x000000060cc00000, 0x000000060cc00000| Untracked 
|  48|0x000000060d000000, 0x000000060d000000, 0x000000060d400000|  0%| F|  |TAMS 0x000000060d000000, 0x000000060d000000| Untracked 
|  49|0x000000060d400000, 0x000000060d400000, 0x000000060d800000|  0%| F|  |TAMS 0x000000060d400000, 0x000000060d400000| Untracked 
|  50|0x000000060d800000, 0x000000060d800000, 0x000000060dc00000|  0%| F|  |TAMS 0x000000060d800000, 0x000000060d800000| Untracked 
|  51|0x000000060dc00000, 0x000000060dc00000, 0x000000060e000000|  0%| F|  |TAMS 0x000000060dc00000, 0x000000060dc00000| Untracked 
|  52|0x000000060e000000, 0x000000060e000000, 0x000000060e400000|  0%| F|  |TAMS 0x000000060e000000, 0x000000060e000000| Untracked 
|  53|0x000000060e400000, 0x000000060e400000, 0x000000060e800000|  0%| F|  |TAMS 0x000000060e400000, 0x000000060e400000| Untracked 
|  54|0x000000060e800000, 0x000000060e800000, 0x000000060ec00000|  0%| F|  |TAMS 0x000000060e800000, 0x000000060e800000| Untracked 
|  55|0x000000060ec00000, 0x000000060ec00000, 0x000000060f000000|  0%| F|  |TAMS 0x000000060ec00000, 0x000000060ec00000| Untracked 
|  56|0x000000060f000000, 0x000000060f000000, 0x000000060f400000|  0%| F|  |TAMS 0x000000060f000000, 0x000000060f000000| Untracked 
|  57|0x000000060f400000, 0x000000060f400000, 0x000000060f800000|  0%| F|  |TAMS 0x000000060f400000, 0x000000060f400000| Untracked 
|  58|0x000000060f800000, 0x000000060f800000, 0x000000060fc00000|  0%| F|  |TAMS 0x000000060f800000, 0x000000060f800000| Untracked 
|  59|0x000000060fc00000, 0x000000060fc00000, 0x0000000610000000|  0%| F|  |TAMS 0x000000060fc00000, 0x000000060fc00000| Untracked 
|  60|0x0000000610000000, 0x0000000610000000, 0x0000000610400000|  0%| F|  |TAMS 0x0000000610000000, 0x0000000610000000| Untracked 
|  61|0x0000000610400000, 0x0000000610400000, 0x0000000610800000|  0%| F|  |TAMS 0x0000000610400000, 0x0000000610400000| Untracked 
|  62|0x0000000610800000, 0x0000000610800000, 0x0000000610c00000|  0%| F|  |TAMS 0x0000000610800000, 0x0000000610800000| Untracked 
|  63|0x0000000610c00000, 0x0000000610c00000, 0x0000000611000000|  0%| F|  |TAMS 0x0000000610c00000, 0x0000000610c00000| Untracked 
|  64|0x0000000611000000, 0x0000000611000000, 0x0000000611400000|  0%| F|  |TAMS 0x0000000611000000, 0x0000000611000000| Untracked 
|  65|0x0000000611400000, 0x0000000611400000, 0x0000000611800000|  0%| F|  |TAMS 0x0000000611400000, 0x0000000611400000| Untracked 
|  66|0x0000000611800000, 0x0000000611800000, 0x0000000611c00000|  0%| F|  |TAMS 0x0000000611800000, 0x0000000611800000| Untracked 
|  67|0x0000000611c00000, 0x0000000611c00000, 0x0000000612000000|  0%| F|  |TAMS 0x0000000611c00000, 0x0000000611c00000| Untracked 
|  68|0x0000000612000000, 0x0000000612000000, 0x0000000612400000|  0%| F|  |TAMS 0x0000000612000000, 0x0000000612000000| Untracked 
|  69|0x0000000612400000, 0x0000000612400000, 0x0000000612800000|  0%| F|  |TAMS 0x0000000612400000, 0x0000000612400000| Untracked 
|  70|0x0000000612800000, 0x0000000612800000, 0x0000000612c00000|  0%| F|  |TAMS 0x0000000612800000, 0x0000000612800000| Untracked 
|  71|0x0000000612c00000, 0x0000000612c00000, 0x0000000613000000|  0%| F|  |TAMS 0x0000000612c00000, 0x0000000612c00000| Untracked 
|  72|0x0000000613000000, 0x0000000613000000, 0x0000000613400000|  0%| F|  |TAMS 0x0000000613000000, 0x0000000613000000| Untracked 
|  73|0x0000000613400000, 0x0000000613400000, 0x0000000613800000|  0%| F|  |TAMS 0x0000000613400000, 0x0000000613400000| Untracked 
|  74|0x0000000613800000, 0x0000000613800000, 0x0000000613c00000|  0%| F|  |TAMS 0x0000000613800000, 0x0000000613800000| Untracked 
|  75|0x0000000613c00000, 0x0000000613c00000, 0x0000000614000000|  0%| F|  |TAMS 0x0000000613c00000, 0x0000000613c00000| Untracked 
|  76|0x0000000614000000, 0x0000000614000000, 0x0000000614400000|  0%| F|  |TAMS 0x0000000614000000, 0x0000000614000000| Untracked 
|  77|0x0000000614400000, 0x0000000614400000, 0x0000000614800000|  0%| F|  |TAMS 0x0000000614400000, 0x0000000614400000| Untracked 
|  78|0x0000000614800000, 0x0000000614800000, 0x0000000614c00000|  0%| F|  |TAMS 0x0000000614800000, 0x0000000614800000| Untracked 
|  79|0x0000000614c00000, 0x0000000614c00000, 0x0000000615000000|  0%| F|  |TAMS 0x0000000614c00000, 0x0000000614c00000| Untracked 
|  80|0x0000000615000000, 0x0000000615000000, 0x0000000615400000|  0%| F|  |TAMS 0x0000000615000000, 0x0000000615000000| Untracked 
|  81|0x0000000615400000, 0x0000000615400000, 0x0000000615800000|  0%| F|  |TAMS 0x0000000615400000, 0x0000000615400000| Untracked 
|  82|0x0000000615800000, 0x0000000615800000, 0x0000000615c00000|  0%| F|  |TAMS 0x0000000615800000, 0x0000000615800000| Untracked 
|  83|0x0000000615c00000, 0x0000000615c00000, 0x0000000616000000|  0%| F|  |TAMS 0x0000000615c00000, 0x0000000615c00000| Untracked 
|  84|0x0000000616000000, 0x0000000616000000, 0x0000000616400000|  0%| F|  |TAMS 0x0000000616000000, 0x0000000616000000| Untracked 
|  85|0x0000000616400000, 0x0000000616400000, 0x0000000616800000|  0%| F|  |TAMS 0x0000000616400000, 0x0000000616400000| Untracked 
|  86|0x0000000616800000, 0x0000000616800000, 0x0000000616c00000|  0%| F|  |TAMS 0x0000000616800000, 0x0000000616800000| Untracked 
|  87|0x0000000616c00000, 0x0000000616c00000, 0x0000000617000000|  0%| F|  |TAMS 0x0000000616c00000, 0x0000000616c00000| Untracked 
|  88|0x0000000617000000, 0x0000000617000000, 0x0000000617400000|  0%| F|  |TAMS 0x0000000617000000, 0x0000000617000000| Untracked 
|  89|0x0000000617400000, 0x0000000617400000, 0x0000000617800000|  0%| F|  |TAMS 0x0000000617400000, 0x0000000617400000| Untracked 
|  90|0x0000000617800000, 0x0000000617800000, 0x0000000617c00000|  0%| F|  |TAMS 0x0000000617800000, 0x0000000617800000| Untracked 
|  91|0x0000000617c00000, 0x0000000617c00000, 0x0000000618000000|  0%| F|  |TAMS 0x0000000617c00000, 0x0000000617c00000| Untracked 
|  92|0x0000000618000000, 0x0000000618000000, 0x0000000618400000|  0%| F|  |TAMS 0x0000000618000000, 0x0000000618000000| Untracked 
|  93|0x0000000618400000, 0x0000000618400000, 0x0000000618800000|  0%| F|  |TAMS 0x0000000618400000, 0x0000000618400000| Untracked 
|  94|0x0000000618800000, 0x0000000618800000, 0x0000000618c00000|  0%| F|  |TAMS 0x0000000618800000, 0x0000000618800000| Untracked 
|  95|0x0000000618c00000, 0x0000000618c00000, 0x0000000619000000|  0%| F|  |TAMS 0x0000000618c00000, 0x0000000618c00000| Untracked 
|  96|0x0000000619000000, 0x0000000619000000, 0x0000000619400000|  0%| F|  |TAMS 0x0000000619000000, 0x0000000619000000| Untracked 
|  97|0x0000000619400000, 0x0000000619400000, 0x0000000619800000|  0%| F|  |TAMS 0x0000000619400000, 0x0000000619400000| Untracked 
|  98|0x0000000619800000, 0x0000000619800000, 0x0000000619c00000|  0%| F|  |TAMS 0x0000000619800000, 0x0000000619800000| Untracked 
|  99|0x0000000619c00000, 0x0000000619c00000, 0x000000061a000000|  0%| F|  |TAMS 0x0000000619c00000, 0x0000000619c00000| Untracked 
| 100|0x000000061a000000, 0x000000061a000000, 0x000000061a400000|  0%| F|  |TAMS 0x000000061a000000, 0x000000061a000000| Untracked 
| 101|0x000000061a400000, 0x000000061a400000, 0x000000061a800000|  0%| F|  |TAMS 0x000000061a400000, 0x000000061a400000| Untracked 
| 102|0x000000061a800000, 0x000000061a800000, 0x000000061ac00000|  0%| F|  |TAMS 0x000000061a800000, 0x000000061a800000| Untracked 
| 103|0x000000061ac00000, 0x000000061ac00000, 0x000000061b000000|  0%| F|  |TAMS 0x000000061ac00000, 0x000000061ac00000| Untracked 
| 104|0x000000061b000000, 0x000000061b000000, 0x000000061b400000|  0%| F|  |TAMS 0x000000061b000000, 0x000000061b000000| Untracked 
| 105|0x000000061b400000, 0x000000061b400000, 0x000000061b800000|  0%| F|  |TAMS 0x000000061b400000, 0x000000061b400000| Untracked 
| 106|0x000000061b800000, 0x000000061b800000, 0x000000061bc00000|  0%| F|  |TAMS 0x000000061b800000, 0x000000061b800000| Untracked 
| 107|0x000000061bc00000, 0x000000061bc00000, 0x000000061c000000|  0%| F|  |TAMS 0x000000061bc00000, 0x000000061bc00000| Untracked 
| 108|0x000000061c000000, 0x000000061c000000, 0x000000061c400000|  0%| F|  |TAMS 0x000000061c000000, 0x000000061c000000| Untracked 
| 109|0x000000061c400000, 0x000000061c400000, 0x000000061c800000|  0%| F|  |TAMS 0x000000061c400000, 0x000000061c400000| Untracked 
| 110|0x000000061c800000, 0x000000061c800000, 0x000000061cc00000|  0%| F|  |TAMS 0x000000061c800000, 0x000000061c800000| Untracked 
| 111|0x000000061cc00000, 0x000000061cc00000, 0x000000061d000000|  0%| F|  |TAMS 0x000000061cc00000, 0x000000061cc00000| Untracked 
| 112|0x000000061d000000, 0x000000061d000000, 0x000000061d400000|  0%| F|  |TAMS 0x000000061d000000, 0x000000061d000000| Untracked 
| 113|0x000000061d400000, 0x000000061d400000, 0x000000061d800000|  0%| F|  |TAMS 0x000000061d400000, 0x000000061d400000| Untracked 
| 114|0x000000061d800000, 0x000000061d800000, 0x000000061dc00000|  0%| F|  |TAMS 0x000000061d800000, 0x000000061d800000| Untracked 
| 115|0x000000061dc00000, 0x000000061dc00000, 0x000000061e000000|  0%| F|  |TAMS 0x000000061dc00000, 0x000000061dc00000| Untracked 
| 116|0x000000061e000000, 0x000000061e000000, 0x000000061e400000|  0%| F|  |TAMS 0x000000061e000000, 0x000000061e000000| Untracked 
| 117|0x000000061e400000, 0x000000061e400000, 0x000000061e800000|  0%| F|  |TAMS 0x000000061e400000, 0x000000061e400000| Untracked 
| 118|0x000000061e800000, 0x000000061e800000, 0x000000061ec00000|  0%| F|  |TAMS 0x000000061e800000, 0x000000061e800000| Untracked 
| 119|0x000000061ec00000, 0x000000061ec00000, 0x000000061f000000|  0%| F|  |TAMS 0x000000061ec00000, 0x000000061ec00000| Untracked 
| 120|0x000000061f000000, 0x000000061f000000, 0x000000061f400000|  0%| F|  |TAMS 0x000000061f000000, 0x000000061f000000| Untracked 
| 121|0x000000061f400000, 0x000000061f400000, 0x000000061f800000|  0%| F|  |TAMS 0x000000061f400000, 0x000000061f400000| Untracked 
| 122|0x000000061f800000, 0x000000061f800000, 0x000000061fc00000|  0%| F|  |TAMS 0x000000061f800000, 0x000000061f800000| Untracked 
| 123|0x000000061fc00000, 0x000000061fc00000, 0x0000000620000000|  0%| F|  |TAMS 0x000000061fc00000, 0x000000061fc00000| Untracked 
| 124|0x0000000620000000, 0x0000000620000000, 0x0000000620400000|  0%| F|  |TAMS 0x0000000620000000, 0x0000000620000000| Untracked 
| 125|0x0000000620400000, 0x0000000620400000, 0x0000000620800000|  0%| F|  |TAMS 0x0000000620400000, 0x0000000620400000| Untracked 
| 126|0x0000000620800000, 0x0000000620800000, 0x0000000620c00000|  0%| F|  |TAMS 0x0000000620800000, 0x0000000620800000| Untracked 
| 127|0x0000000620c00000, 0x0000000620deb900, 0x0000000621000000| 48%| E|  |TAMS 0x0000000620c00000, 0x0000000620c00000| Complete 

Card table byte_map: [0x000001d9618c0000,0x000001d9628c0000] _byte_map_base: 0x000001d95e8b8000

Marking Bits (Prev, Next): (CMBitMap*) 0x000001d946f1d2b0, (CMBitMap*) 0x000001d946f1d2f0
 Prev Bits: [0x000001d9638c0000, 0x000001d96b880000)
 Next Bits: [0x000001d96b880000, 0x000001d973840000)

Polling page: 0x000001d946f80000

Metaspace:

Usage:
  Non-class:      4.00 MB capacity,   409.50 KB ( 10%) used,     3.60 MB ( 90%) free+waste,   192 bytes ( <1%) overhead. 
      Class:    385.00 KB capacity,    35.42 KB (  9%) used,   349.45 KB ( 91%) free+waste,   128 bytes ( <1%) overhead. 
       Both:      4.38 MB capacity,   444.92 KB ( 10%) used,     3.94 MB ( 90%) free+waste,   320 bytes ( <1%) overhead. 

Virtual space:
  Non-class space:        8.00 MB reserved,       4.25 MB ( 53%) committed 
      Class space:        1.00 GB reserved,     512.00 KB ( <1%) committed 
             Both:        1.01 GB reserved,       4.75 MB ( <1%) committed 

Chunk freelists:
   Non-Class:  0 bytes
       Class:  0 bytes
        Both:  0 bytes

MaxMetaspaceSize: 17179869184.00 GB
CompressedClassSpaceSize: 1.00 GB

CodeHeap 'non-profiled nmethods': size=119168Kb used=56Kb max_used=56Kb free=119112Kb
 bounds [0x000001d958490000, 0x000001d958700000, 0x000001d95f8f0000]
CodeHeap 'profiled nmethods': size=119104Kb used=216Kb max_used=216Kb free=118887Kb
 bounds [0x000001d951040000, 0x000001d9512b0000, 0x000001d958490000]
CodeHeap 'non-nmethods': size=7488Kb used=2232Kb max_used=2232Kb free=5255Kb
 bounds [0x000001d9508f0000, 0x000001d950b60000, 0x000001d951040000]
 total_blobs=533 nmethods=186 adapters=258
 compilation: enabled
              stopped_count=0, restarted_count=0
 full_count=0

Compilation events (20 events):
Event: 0.033 Thread 0x000001d9768b7ed0 nmethod 13 0x000001d951043e10 code [0x000001d951043fe0, 0x000001d9510442e8]
Event: 0.033 Thread 0x000001d9768b7ed0   14       3       java.util.Objects::requireNonNull (14 bytes)
Event: 0.033 Thread 0x000001d9768b7ed0 nmethod 14 0x000001d951044410 code [0x000001d9510445c0, 0x000001d9510447a8]
Event: 0.033 Thread 0x000001d9768b7ed0   16       3       java.util.AbstractCollection::<init> (5 bytes)
Event: 0.033 Thread 0x000001d9768b1f20   15       4       java.lang.StringLatin1::hashCode (42 bytes)
Event: 0.033 Thread 0x000001d9768b7ed0 nmethod 16 0x000001d951044890 code [0x000001d951044a20, 0x000001d951044b78]
Event: 0.033 Thread 0x000001d9768b7ed0   17       3       java.util.ImmutableCollections$AbstractImmutableCollection::<init> (5 bytes)
Event: 0.034 Thread 0x000001d9768b7ed0 nmethod 17 0x000001d951044c10 code [0x000001d951044dc0, 0x000001d951044f78]
Event: 0.034 Thread 0x000001d9768b7ed0   18       3       java.util.ImmutableCollections$AbstractImmutableSet::<init> (5 bytes)
Event: 0.034 Thread 0x000001d9768b7ed0 nmethod 18 0x000001d951045090 code [0x000001d951045240, 0x000001d951045458]
Event: 0.034 Thread 0x000001d9768b7ed0   20       3       java.util.Set::of (68 bytes)
Event: 0.034 Thread 0x000001d9768b7ed0 nmethod 20 0x000001d951045590 code [0x000001d9510457a0, 0x000001d951045f88]
Event: 0.035 Thread 0x000001d9768b7ed0   21       3       java.lang.String::coder (15 bytes)
Event: 0.035 Thread 0x000001d9768b7ed0 nmethod 21 0x000001d951046210 code [0x000001d9510463a0, 0x000001d9510464d8]
Event: 0.035 Thread 0x000001d9768b7ed0   22       1       java.lang.module.ModuleDescriptor::name (5 bytes)
Event: 0.035 Thread 0x000001d9768b7ed0 nmethod 22 0x000001d958490010 code [0x000001d9584901a0, 0x000001d958490258]
Event: 0.035 Thread 0x000001d9768b7ed0   23       3       java.lang.String::length (11 bytes)
Event: 0.035 Thread 0x000001d9768b7ed0 nmethod 23 0x000001d951046590 code [0x000001d951046740, 0x000001d9510468d8]
Event: 0.035 Thread 0x000001d9768b7ed0   24       1       java.lang.module.ModuleReference::descriptor (5 bytes)
Event: 0.035 Thread 0x000001d9768b7ed0 nmethod 24 0x000001d958490310 code [0x000001d9584904a0, 0x000001d958490558]

GC Heap History (0 events):
No events

Deoptimization events (0 events):
No events

Classes unloaded (0 events):
No events

Classes redefined (0 events):
No events

Internal exceptions (0 events):
No events

Events (12 events):
Event: 0.007 Loaded shared library C:\Program Files\Java\jdk-15.0.2\bin\java.dll
Event: 0.017 Thread 0x000001d946ea5060 Thread added: 0x000001d946ea5060
Event: 0.020 Thread 0x000001d97688e900 Thread added: 0x000001d97688e900
Event: 0.020 Thread 0x000001d97688f4d0 Thread added: 0x000001d97688f4d0
Event: 0.027 loading class sun/nio/cs/UTF_8$Encoder
Event: 0.027 loading class sun/nio/cs/UTF_8$Encoder done
Event: 0.028 Thread 0x000001d9768acc00 Thread added: 0x000001d9768acc00
Event: 0.028 Thread 0x000001d9768af5d0 Thread added: 0x000001d9768af5d0
Event: 0.028 Thread 0x000001d9768b0080 Thread added: 0x000001d9768b0080
Event: 0.028 Thread 0x000001d9768b1f20 Thread added: 0x000001d9768b1f20
Event: 0.029 Thread 0x000001d9768b7ed0 Thread added: 0x000001d9768b7ed0
Event: 0.029 Thread 0x000001d9768c9080 Thread added: 0x000001d9768c9080


Dynamic libraries:
0x00007ff7a4320000 - 0x00007ff7a432f000 	C:\Program Files\Java\jdk-15.0.2\bin\java.exe
0x00007ffe4deb0000 - 0x00007ffe4e0a6000 	C:\WINDOWS\SYSTEM32\ntdll.dll
0x00007ffe1bca0000 - 0x00007ffe1bcb2000 	C:\Program Files\Avast Software\Avast\aswhook.dll
0x00007ffe4d290000 - 0x00007ffe4d34d000 	C:\WINDOWS\System32\KERNEL32.DLL
0x00007ffe4b880000 - 0x00007ffe4bb49000 	C:\WINDOWS\System32\KERNELBASE.dll
0x00007ffe4b5f0000 - 0x00007ffe4b6f0000 	C:\WINDOWS\System32\ucrtbase.dll
0x00007ffe40f80000 - 0x00007ffe40f98000 	C:\Program Files\Java\jdk-15.0.2\bin\jli.dll
0x00007ffe4bfc0000 - 0x00007ffe4c06c000 	C:\WINDOWS\System32\ADVAPI32.dll
0x00007ffe4bf20000 - 0x00007ffe4bfbe000 	C:\WINDOWS\System32\msvcrt.dll
0x00007ffe4d800000 - 0x00007ffe4d89c000 	C:\WINDOWS\System32\sechost.dll
0x00007ffe4dd40000 - 0x00007ffe4de6b000 	C:\WINDOWS\System32\RPCRT4.dll
0x00007ffe4c6d0000 - 0x00007ffe4c870000 	C:\WINDOWS\System32\USER32.dll
0x00007ffe4bee0000 - 0x00007ffe4bf02000 	C:\WINDOWS\System32\win32u.dll
0x00007ffe4d8a0000 - 0x00007ffe4d8ca000 	C:\WINDOWS\System32\GDI32.dll
0x00007ffe4bd80000 - 0x00007ffe4be8b000 	C:\WINDOWS\System32\gdi32full.dll
0x00007ffe4bb50000 - 0x00007ffe4bbed000 	C:\WINDOWS\System32\msvcp_win.dll
0x00007ffe40f60000 - 0x00007ffe40f79000 	C:\Program Files\Java\jdk-15.0.2\bin\VCRUNTIME140.dll
0x00007ffe15750000 - 0x00007ffe159eb000 	C:\WINDOWS\WinSxS\amd64_microsoft.windows.common-controls_6595b64144ccf1df_6.0.19041.746_none_ca02b4b61b8320a4\COMCTL32.dll
0x00007ffe43c90000 - 0x00007ffe43c9a000 	C:\WINDOWS\SYSTEM32\VERSION.dll
0x00007ffe4d350000 - 0x00007ffe4d380000 	C:\WINDOWS\System32\IMM32.DLL
0x00007ffe46e30000 - 0x00007ffe46e3c000 	C:\Program Files\Java\jdk-15.0.2\bin\vcruntime140_1.dll
0x00007ffe26080000 - 0x00007ffe26111000 	C:\Program Files\Java\jdk-15.0.2\bin\msvcp140.dll
0x00007ffdc0a20000 - 0x00007ffdc157e000 	C:\Program Files\Java\jdk-15.0.2\bin\server\jvm.dll
0x00007ffe4c080000 - 0x00007ffe4c088000 	C:\WINDOWS\System32\PSAPI.DLL
0x00007ffe3a130000 - 0x00007ffe3a139000 	C:\WINDOWS\SYSTEM32\WSOCK32.dll
0x00007ffe4d380000 - 0x00007ffe4d3eb000 	C:\WINDOWS\System32\WS2_32.dll
0x00007ffe3bf10000 - 0x00007ffe3bf37000 	C:\WINDOWS\SYSTEM32\WINMM.dll
0x00007ffe49ed0000 - 0x00007ffe49ee2000 	C:\WINDOWS\SYSTEM32\kernel.appcore.dll
0x00007ffe469d0000 - 0x00007ffe469da000 	C:\Program Files\Java\jdk-15.0.2\bin\jimage.dll
0x00007ffe49260000 - 0x00007ffe49444000 	C:\WINDOWS\SYSTEM32\DBGHELP.DLL
0x00007ffe43ce0000 - 0x00007ffe43d0c000 	C:\WINDOWS\SYSTEM32\dbgcore.DLL
0x00007ffe4bca0000 - 0x00007ffe4bd20000 	C:\WINDOWS\System32\bcryptPrimitives.dll
0x00007ffe452f0000 - 0x00007ffe452fe000 	C:\Program Files\Java\jdk-15.0.2\bin\instrument.dll
0x00007ffe40b60000 - 0x00007ffe40b85000 	C:\Program Files\Java\jdk-15.0.2\bin\java.dll
0x00007ffe4cb40000 - 0x00007ffe4d282000 	C:\WINDOWS\System32\SHELL32.dll
0x00007ffe49450000 - 0x00007ffe49be0000 	C:\WINDOWS\SYSTEM32\windows.storage.dll
0x00007ffe4d8d0000 - 0x00007ffe4dc26000 	C:\WINDOWS\System32\combase.dll
0x00007ffe4b030000 - 0x00007ffe4b05c000 	C:\WINDOWS\SYSTEM32\Wldp.dll
0x00007ffe4dc30000 - 0x00007ffe4dcde000 	C:\WINDOWS\System32\SHCORE.dll
0x00007ffe4d740000 - 0x00007ffe4d795000 	C:\WINDOWS\System32\shlwapi.dll
0x00007ffe4b520000 - 0x00007ffe4b546000 	C:\WINDOWS\SYSTEM32\profapi.dll
0x00007ffe40520000 - 0x00007ffe40538000 	C:\Program Files\Java\jdk-15.0.2\bin\zip.dll
0x00007ffe405b0000 - 0x00007ffe405c9000 	C:\Program Files\Java\jdk-15.0.2\bin\net.dll
0x00007ffe43290000 - 0x00007ffe43390000 	C:\WINDOWS\SYSTEM32\WINHTTP.dll
0x00007ffe4ad80000 - 0x00007ffe4adea000 	C:\WINDOWS\system32\mswsock.dll
0x00007ffe40540000 - 0x00007ffe40552000 	C:\Program Files\Java\jdk-15.0.2\bin\nio.dll

dbghelp: loaded successfully - version: 4.0.5 - missing functions: none
symbol engine: initialized successfully - sym options: 0x614 - pdb path: .;C:\Program Files\Java\jdk-15.0.2\bin;C:\WINDOWS\SYSTEM32;C:\Program Files\Avast Software\Avast;C:\WINDOWS\WinSxS\amd64_microsoft.windows.common-controls_6595b64144ccf1df_6.0.19041.746_none_ca02b4b61b8320a4;C:\Program Files\Java\jdk-15.0.2\bin\server

VM Arguments:
jvm_args: -javaagent:C:\Program Files\JetBrains\IntelliJ IDEA Community Edition 2020.3.2\lib\idea_rt.jar=58042:C:\Program Files\JetBrains\IntelliJ IDEA Community Edition 2020.3.2\bin -Dfile.encoding=UTF-8 
java_command: com.company.validation.Solution
java_class_path (initial): C:\Users\Arod6\IdeaProjects\Addition\out\production\Addition
Launcher Type: SUN_STANDARD

[Global flags]
     intx CICompilerCount                          = 12                                        {product} {ergonomic}
     uint ConcGCThreads                            = 3                                         {product} {ergonomic}
     uint G1ConcRefinementThreads                  = 13                                        {product} {ergonomic}
   size_t G1HeapRegionSize                         = 4194304                                   {product} {ergonomic}
    uintx GCDrainStackTargetSize                   = 64                                        {product} {ergonomic}
   size_t InitialHeapSize                          = 536870912                                 {product} {ergonomic}
   size_t MarkStackSize                            = 4194304                                   {product} {ergonomic}
   size_t MaxHeapSize                              = 8573157376                                {product} {ergonomic}
   size_t MaxNewSize                               = 5142216704                                {product} {ergonomic}
   size_t MinHeapDeltaBytes                        = 4194304                                   {product} {ergonomic}
   size_t MinHeapSize                              = 8388608                                   {product} {ergonomic}
    uintx NonNMethodCodeHeapSize                   = 7602480                                {pd product} {ergonomic}
    uintx NonProfiledCodeHeapSize                  = 122027880                              {pd product} {ergonomic}
    uintx ProfiledCodeHeapSize                     = 122027880                              {pd product} {ergonomic}
    uintx ReservedCodeCacheSize                    = 251658240                              {pd product} {ergonomic}
     bool SegmentedCodeCache                       = true                                      {product} {ergonomic}
   size_t SoftMaxHeapSize                          = 8573157376                             {manageable} {ergonomic}
     bool UseCompressedClassPointers               = true                                 {lp64_product} {ergonomic}
     bool UseCompressedOops                        = true                                 {lp64_product} {ergonomic}
     bool UseG1GC                                  = true                                      {product} {ergonomic}
     bool UseLargePagesIndividualAllocation        = false                                  {pd product} {ergonomic}

Logging:
Log output configuration:
 #0: stdout all=warning uptime,level,tags
 #1: stderr all=off uptime,level,tags

Environment Variables:
PATH=C:\Program Files\Common Files\Oracle\Java\javapath;C:\Python38\Scripts\;C:\Python38\;C:\WINDOWS\system32;C:\WINDOWS;C:\WINDOWS\System32\Wbem;C:\WINDOWS\System32\WindowsPowerShell\v1.0\;C:\WINDOWS\System32\OpenSSH\;C:\Program Files\nodejs\;C:\ProgramData\chocolatey\bin;C:\Program Files\Git\cmd;C:\Program Files\Git\mingw64\bin;C:\Program Files\Git\usr\bin;C:\Program Files\Docker\Docker\resources\bin;C:\ProgramData\DockerDesktop\version-bin;C:\Users\Arod6\AppData\Local\Microsoft\WindowsApps;C:\Users\Arod6\AppData\Local\Programs\Microsoft VS Code\bin;C:\Users\Arod6\AppData\Roaming\npm;C:\Users\Arod6\AppData\Local\GitHubDesktop\bin
USERNAME=Arod6
OS=Windows_NT
PROCESSOR_IDENTIFIER=AMD64 Family 23 Model 1 Stepping 1, AuthenticAMD



---------------  S Y S T E M  ---------------

OS:
 Windows 10 , 64 bit Build 19041 (10.0.19041.789)
OS uptime: 1 days 16:46 hours
HyperV virtualization detected

CPU: total 16 (initial active 16) (16 cores per cpu, 2 threads per core) family 23 model 1 stepping 1 microcode 0x0, cmov, cx8, fxsr, mmx, sse, sse2, sse3, ssse3, sse4.1, sse4.2, popcnt, vzeroupper, avx, avx2, aes, clmul, 3dnowpref, lzcnt, sse4a, ht, tsc, tscinvbit, tscinv, bmi1, bmi2, adx, sha, fma, clflush, clflushopt

Memory: 4k page, system-wide physical 32702M (17273M free)
TotalPageFile size 37566M (AvailPageFile size 14968M)
current process WorkingSet (physical memory assigned to process): 34M, peak: 34M
current process commit charge ("private bytes"): 625M, peak: 625M

vm_info: Java HotSpot(TM) 64-Bit Server VM (15.0.2+7-27) for windows-amd64 JRE (15.0.2+7-27), built on Dec  7 2020 20:07:01 by "mach5one" with unknown MS VC++:1925

END.
